Exception in thread "HikariPool-1 connection closer" Exception in thread "HikariPool-1 connection closer" java.lang.NoClassDefFoundError: com/mysql/cj/protocol/ExportControlled
	at com.mysql.cj.protocol.NetworkResources.forceClose(NetworkResources.java:53)
	at com.mysql.cj.protocol.AbstractSocketConnection.forceClose(AbstractSocketConnection.java:104)
	at com.mysql.cj.protocol.a.NativeProtocol.quit(NativeProtocol.java:1335)
	at com.mysql.cj.NativeSession.quit(NativeSession.java:150)
	at com.mysql.cj.jdbc.ConnectionImpl.realClose(ConnectionImpl.java:1689)
	at com.mysql.cj.jdbc.ConnectionImpl.close(ConnectionImpl.java:704)
	at com.zaxxer.hikari.pool.PoolBase.quietlyCloseConnection(PoolBase.java:137)
	at com.zaxxer.hikari.pool.HikariPool.lambda$closeConnection$1(HikariPool.java:444)
	at java.base/java.util.concurrent.ThreadPoolExecutor.runWorker(ThreadPoolExecutor.java:1136)
	at java.base/java.util.concurrent.ThreadPoolExecutor$Worker.run(ThreadPoolExecutor.java:635)
	at java.base/java.lang.Thread.run(Thread.java:840)
Caused by: java.lang.ClassNotFoundException: com.mysql.cj.protocol.ExportControlled
	... 11 more
Exception in thread "HikariPool-1 connection closer" java.lang.NoClassDefFoundError: com/mysql/cj/protocol/ExportControlled
	at com.mysql.cj.protocol.NetworkResources.forceClose(NetworkResources.java:53)
	at com.mysql.cj.protocol.AbstractSocketConnection.forceClose(AbstractSocketConnection.java:104)
	at com.mysql.cj.protocol.a.NativeProtocol.quit(NativeProtocol.java:1335)
	at com.mysql.cj.NativeSession.quit(NativeSession.java:150)
	at com.mysql.cj.jdbc.ConnectionImpl.realClose(ConnectionImpl.java:1689)
	at com.mysql.cj.jdbc.ConnectionImpl.close(ConnectionImpl.java:704)
	at com.zaxxer.hikari.pool.PoolBase.quietlyCloseConnection(PoolBase.java:137)
	at com.zaxxer.hikari.pool.HikariPool.lambda$closeConnection$1(HikariPool.java:444)
	at java.base/java.util.concurrent.ThreadPoolExecutor.runWorker(ThreadPoolExecutor.java:1136)
	at java.base/java.util.concurrent.ThreadPoolExecutor$Worker.run(ThreadPoolExecutor.java:635)
	at java.base/java.lang.Thread.run(Thread.java:840)
Caused by: java.lang.ClassNotFoundException: com.mysql.cj.protocol.ExportControlled
	... 11 more
Exception in thread "HikariPool-1 connection closer" java.lang.NoClassDefFoundError: com/mysql/cj/protocol/ExportControlled
	at com.mysql.cj.protocol.NetworkResources.forceClose(NetworkResources.java:53)
	at com.mysql.cj.protocol.AbstractSocketConnection.forceClose(AbstractSocketConnection.java:104)
	at com.mysql.cj.protocol.a.NativeProtocol.quit(NativeProtocol.java:1335)
	at com.mysql.cj.NativeSession.quit(NativeSession.java:150)
	at com.mysql.cj.jdbc.ConnectionImpl.realClose(ConnectionImpl.java:1689)
	at com.mysql.cj.jdbc.ConnectionImpl.close(ConnectionImpl.java:704)
	at com.zaxxer.hikari.pool.PoolBase.quietlyCloseConnection(PoolBase.java:137)
	at com.zaxxer.hikari.pool.HikariPool.lambda$closeConnection$1(HikariPool.java:444)
	at java.base/java.util.concurrent.ThreadPoolExecutor.runWorker(ThreadPoolExecutor.java:1136)
	at java.base/java.util.concurrent.ThreadPoolExecutor$Worker.run(ThreadPoolExecutor.java:635)
	at java.base/java.lang.Thread.run(Thread.java:840)
Caused by: java.lang.ClassNotFoundException: com.mysql.cj.protocol.ExportControlled
	... 11 more
Exception in thread "HikariPool-1 connection closer" Exception in thread "HikariPool-1 connection closer" Exception in thread "HikariPool-1 connection closer" Exception in thread "HikariPool-1 connection closer" Exception in thread "HikariPool-1 connection closer" java.lang.NoClassDefFoundError: com/mysql/cj/protocol/ExportControlled
	at com.mysql.cj.protocol.NetworkResources.forceClose(NetworkResources.java:53)
	at com.mysql.cj.protocol.AbstractSocketConnection.forceClose(AbstractSocketConnection.java:104)
	at com.mysql.cj.protocol.a.NativeProtocol.quit(NativeProtocol.java:1335)
	at com.mysql.cj.NativeSession.quit(NativeSession.java:150)
	at com.mysql.cj.jdbc.ConnectionImpl.realClose(ConnectionImpl.java:1689)
	at com.mysql.cj.jdbc.ConnectionImpl.close(ConnectionImpl.java:704)
	at com.zaxxer.hikari.pool.PoolBase.quietlyCloseConnection(PoolBase.java:137)
	at com.zaxxer.hikari.pool.HikariPool.lambda$closeConnection$1(HikariPool.java:444)
	at java.base/java.util.concurrent.ThreadPoolExecutor.runWorker(ThreadPoolExecutor.java:1136)
	at java.base/java.util.concurrent.ThreadPoolExecutor$Worker.run(ThreadPoolExecutor.java:635)
	at java.base/java.lang.Thread.run(Thread.java:840)
Caused by: java.lang.ClassNotFoundException: com.mysql.cj.protocol.ExportControlled
	... 11 more
Exception in thread "HikariPool-1 connection closer" java.lang.NoClassDefFoundError: com/mysql/cj/protocol/ExportControlled
	at com.mysql.cj.protocol.NetworkResources.forceClose(NetworkResources.java:53)
	at com.mysql.cj.protocol.AbstractSocketConnection.forceClose(AbstractSocketConnection.java:104)
	at com.mysql.cj.protocol.a.NativeProtocol.quit(NativeProtocol.java:1335)
	at com.mysql.cj.NativeSession.quit(NativeSession.java:150)
	at com.mysql.cj.jdbc.ConnectionImpl.realClose(ConnectionImpl.java:1689)
	at com.mysql.cj.jdbc.ConnectionImpl.close(ConnectionImpl.java:704)
	at com.zaxxer.hikari.pool.PoolBase.quietlyCloseConnection(PoolBase.java:137)
	at com.zaxxer.hikari.pool.HikariPool.lambda$closeConnection$1(HikariPool.java:444)
	at java.base/java.util.concurrent.ThreadPoolExecutor.runWorker(ThreadPoolExecutor.java:1136)
	at java.base/java.util.concurrent.ThreadPoolExecutor$Worker.run(ThreadPoolExecutor.java:635)
	at java.base/java.lang.Thread.run(Thread.java:840)
Caused by: java.lang.ClassNotFoundException: com.mysql.cj.protocol.ExportControlled
	... 11 more
java.lang.NoClassDefFoundError: com/mysql/cj/protocol/ExportControlled
	at com.mysql.cj.protocol.NetworkResources.forceClose(NetworkResources.java:53)
	at com.mysql.cj.protocol.AbstractSocketConnection.forceClose(AbstractSocketConnection.java:104)
	at com.mysql.cj.protocol.a.NativeProtocol.quit(NativeProtocol.java:1335)
	at com.mysql.cj.NativeSession.quit(NativeSession.java:150)
	at com.mysql.cj.jdbc.ConnectionImpl.realClose(ConnectionImpl.java:1689)
	at com.mysql.cj.jdbc.ConnectionImpl.close(ConnectionImpl.java:704)
	at com.zaxxer.hikari.pool.PoolBase.quietlyCloseConnection(PoolBase.java:137)
	at com.zaxxer.hikari.pool.HikariPool.lambda$closeConnection$1(HikariPool.java:444)
	at java.base/java.util.concurrent.ThreadPoolExecutor.runWorker(ThreadPoolExecutor.java:1136)
	at java.base/java.util.concurrent.ThreadPoolExecutor$Worker.run(ThreadPoolExecutor.java:635)
	at java.base/java.lang.Thread.run(Thread.java:840)
Caused by: java.lang.ClassNotFoundException: com.mysql.cj.protocol.ExportControlled
	... 11 more
java.lang.NoClassDefFoundError: com/mysql/cj/protocol/ExportControlled
	at com.mysql.cj.protocol.NetworkResources.forceClose(NetworkResources.java:53)
	at com.mysql.cj.protocol.AbstractSocketConnection.forceClose(AbstractSocketConnection.java:104)
	at com.mysql.cj.protocol.a.NativeProtocol.quit(NativeProtocol.java:1335)
	at com.mysql.cj.NativeSession.quit(NativeSession.java:150)
	at com.mysql.cj.jdbc.ConnectionImpl.realClose(ConnectionImpl.java:1689)
	at com.mysql.cj.jdbc.ConnectionImpl.close(ConnectionImpl.java:704)
	at com.zaxxer.hikari.pool.PoolBase.quietlyCloseConnection(PoolBase.java:137)
	at com.zaxxer.hikari.pool.HikariPool.lambda$closeConnection$1(HikariPool.java:444)
	at java.base/java.util.concurrent.ThreadPoolExecutor.runWorker(ThreadPoolExecutor.java:1136)
	at java.base/java.util.concurrent.ThreadPoolExecutor$Worker.run(ThreadPoolExecutor.java:635)
	at java.base/java.lang.Thread.run(Thread.java:840)
Caused by: java.lang.ClassNotFoundException: com.mysql.cj.protocol.ExportControlled
	... 11 more
java.lang.NoClassDefFoundError: com/mysql/cj/protocol/ExportControlled
	at com.mysql.cj.protocol.NetworkResources.forceClose(NetworkResources.java:53)
	at com.mysql.cj.protocol.AbstractSocketConnection.forceClose(AbstractSocketConnection.java:104)
	at com.mysql.cj.protocol.a.NativeProtocol.quit(NativeProtocol.java:1335)
	at com.mysql.cj.NativeSession.quit(NativeSession.java:150)
	at com.mysql.cj.jdbc.ConnectionImpl.realClose(ConnectionImpl.java:1689)
	at com.mysql.cj.jdbc.ConnectionImpl.close(ConnectionImpl.java:704)
	at com.zaxxer.hikari.pool.PoolBase.quietlyCloseConnection(PoolBase.java:137)
	at com.zaxxer.hikari.pool.HikariPool.lambda$closeConnection$1(HikariPool.java:444)
	at java.base/java.util.concurrent.ThreadPoolExecutor.runWorker(ThreadPoolExecutor.java:1136)
	at java.base/java.util.concurrent.ThreadPoolExecutor$Worker.run(ThreadPoolExecutor.java:635)
	at java.base/java.lang.Thread.run(Thread.java:840)
Caused by: java.lang.ClassNotFoundException: com.mysql.cj.protocol.ExportControlled
	... 11 more
java.lang.NoClassDefFoundError: com/mysql/cj/protocol/ExportControlled
	at com.mysql.cj.protocol.NetworkResources.forceClose(NetworkResources.java:53)
	at com.mysql.cj.protocol.AbstractSocketConnection.forceClose(AbstractSocketConnection.java:104)
	at com.mysql.cj.protocol.a.NativeProtocol.quit(NativeProtocol.java:1335)
	at com.mysql.cj.NativeSession.quit(NativeSession.java:150)
	at com.mysql.cj.jdbc.ConnectionImpl.realClose(ConnectionImpl.java:1689)
	at com.mysql.cj.jdbc.ConnectionImpl.close(ConnectionImpl.java:704)
	at com.zaxxer.hikari.pool.PoolBase.quietlyCloseConnection(PoolBase.java:137)
	at com.zaxxer.hikari.pool.HikariPool.lambda$closeConnection$1(HikariPool.java:444)
	at java.base/java.util.concurrent.ThreadPoolExecutor.runWorker(ThreadPoolExecutor.java:1136)
	at java.base/java.util.concurrent.ThreadPoolExecutor$Worker.run(ThreadPoolExecutor.java:635)
	at java.base/java.lang.Thread.run(Thread.java:840)
Caused by: java.lang.ClassNotFoundException: com.mysql.cj.protocol.ExportControlled
	at java.base/java.net.URLClassLoader.findClass(URLClassLoader.java:445)
	at java.base/java.lang.ClassLoader.loadClass(ClassLoader.java:592)
	at org.springframework.boot.loader.net.protocol.jar.JarUrlClassLoader.loadClass(JarUrlClassLoader.java:104)
	at org.springframework.boot.loader.launch.LaunchedClassLoader.loadClass(LaunchedClassLoader.java:91)
	at java.base/java.lang.ClassLoader.loadClass(ClassLoader.java:525)
	... 11 more
java.lang.NoClassDefFoundError: com/mysql/cj/protocol/ExportControlled
	at com.mysql.cj.protocol.NetworkResources.forceClose(NetworkResources.java:53)
	at com.mysql.cj.protocol.AbstractSocketConnection.forceClose(AbstractSocketConnection.java:104)
	at com.mysql.cj.protocol.a.NativeProtocol.quit(NativeProtocol.java:1335)
	at com.mysql.cj.NativeSession.quit(NativeSession.java:150)
	at com.mysql.cj.jdbc.ConnectionImpl.realClose(ConnectionImpl.java:1689)
	at com.mysql.cj.jdbc.ConnectionImpl.close(ConnectionImpl.java:704)
	at com.zaxxer.hikari.pool.PoolBase.quietlyCloseConnection(PoolBase.java:137)
	at com.zaxxer.hikari.pool.HikariPool.lambda$closeConnection$1(HikariPool.java:444)
	at java.base/java.util.concurrent.ThreadPoolExecutor.runWorker(ThreadPoolExecutor.java:1136)
	at java.base/java.util.concurrent.ThreadPoolExecutor$Worker.run(ThreadPoolExecutor.java:635)
	at java.base/java.lang.Thread.run(Thread.java:840)
Caused by: java.lang.ClassNotFoundException: com.mysql.cj.protocol.ExportControlled
	... 11 more
